2018-03-02 18:23:23 - Starting C:\Program Files\nodejs\node.exe  --harmony C:\Users\Master\AppData\Roaming\npm\node_modules\qckwinsvc\node_modules\node-windows\lib\wrapper.js --file c:\deverlop\server\index.js --log "UnitedPOS wrapper" --grow 0.25 --wait 1 --maxrestarts 3 --abortonerror n --stopparentfirst undefined
2018-03-02 18:23:23 - Started 1196
2018-03-02 18:36:52 - Stopping unitedpos.exe
2018-03-02 18:36:52 - ProcessKill 1196
2018-03-02 18:36:54 - Shutdown exception
Message:系统正在关机。 (异常来自 HRESULT:0x8007045B)
Stacktrace:   在 System.Runtime.InteropServices.Marshal.ThrowExceptionForHRInternal(Int32 errorCode, IntPtr errorInfo)
   在 System.Management.ManagementScope.InitializeGuts(Object o)
   在 System.Management.ManagementScope.Initialize()
   在 System.Management.ManagementObjectSearcher.Initialize()
   在 System.Management.ManagementObjectSearcher.Get()
   在 winsw.WrapperService.GetChildPids(Int32 pid)
   在 winsw.WrapperService.StopProcessAndChildren(Int32 pid)
   在 winsw.WrapperService.StopIt()
   在 winsw.WrapperService.OnShutdown()
2018-03-02 18:45:07 - Starting C:\Program Files\nodejs\node.exe  --harmony C:\Users\Master\AppData\Roaming\npm\node_modules\qckwinsvc\node_modules\node-windows\lib\wrapper.js --file c:\deverlop\server\index.js --log "UnitedPOS wrapper" --grow 0.25 --wait 1 --maxrestarts 3 --abortonerror n --stopparentfirst undefined
2018-03-02 18:45:08 - Started 7516
2018-03-03 21:14:28 - Stopping unitedpos.exe
2018-03-03 21:14:29 - ProcessKill 7516
2018-03-03 21:14:31 - Shutdown exception
Message:系统正在关机。 (异常来自 HRESULT:0x8007045B)
Stacktrace:   在 System.Runtime.InteropServices.Marshal.ThrowExceptionForHRInternal(Int32 errorCode, IntPtr errorInfo)
   在 System.Management.ManagementScope.InitializeGuts(Object o)
   在 System.Management.ManagementScope.Initialize()
   在 System.Management.ManagementObjectSearcher.Initialize()
   在 System.Management.ManagementObjectSearcher.Get()
   在 winsw.WrapperService.GetChildPids(Int32 pid)
   在 winsw.WrapperService.StopProcessAndChildren(Int32 pid)
   在 winsw.WrapperService.StopIt()
   在 winsw.WrapperService.OnShutdown()
2018-03-03 23:48:01 - Starting C:\Program Files\nodejs\node.exe  --harmony C:\Users\Master\AppData\Roaming\npm\node_modules\qckwinsvc\node_modules\node-windows\lib\wrapper.js --file c:\deverlop\server\index.js --log "UnitedPOS wrapper" --grow 0.25 --wait 1 --maxrestarts 3 --abortonerror n --stopparentfirst undefined
2018-03-03 23:48:03 - Started 6576
2018-03-07 21:18:04 - Starting C:\Program Files\nodejs\node.exe  --harmony C:\Users\Master\AppData\Roaming\npm\node_modules\qckwinsvc\node_modules\node-windows\lib\wrapper.js --file c:\deverlop\server\index.js --log "UnitedPOS wrapper" --grow 0.25 --wait 1 --maxrestarts 3 --abortonerror n --stopparentfirst undefined
2018-03-07 21:18:04 - Started 5148
2018-03-07 21:30:30 - Starting C:\Program Files\nodejs\node.exe  --harmony C:\Users\Master\AppData\Roaming\npm\node_modules\qckwinsvc\node_modules\node-windows\lib\wrapper.js --file c:\deverlop\server\index.js --log "UnitedPOS wrapper" --grow 0.25 --wait 1 --maxrestarts 3 --abortonerror n --stopparentfirst undefined
2018-03-07 21:30:30 - Started 4368
2018-03-22 01:59:03 - Starting C:\Program Files\nodejs\node.exe  --harmony C:\Users\Master\AppData\Roaming\npm\node_modules\qckwinsvc\node_modules\node-windows\lib\wrapper.js --file c:\deverlop\server\index.js --log "UnitedPOS wrapper" --grow 0.25 --wait 1 --maxrestarts 3 --abortonerror n --stopparentfirst undefined
2018-03-22 01:59:03 - Started 5708
2018-03-22 03:03:34 - Stopping unitedpos.exe
2018-03-22 03:03:34 - ProcessKill 5708
2018-03-22 03:03:34 - Shutdown exception
Message:系统正在关机。 (异常来自 HRESULT:0x8007045B)
Stacktrace:   在 System.Runtime.InteropServices.Marshal.ThrowExceptionForHRInternal(Int32 errorCode, IntPtr errorInfo)
   在 System.Management.ManagementScope.InitializeGuts(Object o)
   在 System.Management.ManagementScope.Initialize()
   在 System.Management.ManagementObjectSearcher.Initialize()
   在 System.Management.ManagementObjectSearcher.Get()
   在 winsw.WrapperService.GetChildPids(Int32 pid)
   在 winsw.WrapperService.StopProcessAndChildren(Int32 pid)
   在 winsw.WrapperService.StopIt()
   在 winsw.WrapperService.OnShutdown()
2018-03-22 08:52:57 - Starting C:\Program Files\nodejs\node.exe  --harmony C:\Users\Master\AppData\Roaming\npm\node_modules\qckwinsvc\node_modules\node-windows\lib\wrapper.js --file c:\deverlop\server\index.js --log "UnitedPOS wrapper" --grow 0.25 --wait 1 --maxrestarts 3 --abortonerror n --stopparentfirst undefined
2018-03-22 08:52:57 - Started 5536
2018-03-25 21:33:43 - Stopping unitedpos.exe
2018-03-25 21:33:43 - ProcessKill 5536
2018-03-25 21:33:44 - Shutdown exception
Message:系统正在关机。 (异常来自 HRESULT:0x8007045B)
Stacktrace:   在 System.Runtime.InteropServices.Marshal.ThrowExceptionForHRInternal(Int32 errorCode, IntPtr errorInfo)
   在 System.Management.ManagementScope.InitializeGuts(Object o)
   在 System.Management.ManagementScope.Initialize()
   在 System.Management.ManagementObjectSearcher.Initialize()
   在 System.Management.ManagementObjectSearcher.Get()
   在 winsw.WrapperService.GetChildPids(Int32 pid)
   在 winsw.WrapperService.StopProcessAndChildren(Int32 pid)
   在 winsw.WrapperService.StopIt()
   在 winsw.WrapperService.OnShutdown()
2018-03-25 21:45:25 - Starting C:\Program Files\nodejs\node.exe  --harmony C:\Users\Master\AppData\Roaming\npm\node_modules\qckwinsvc\node_modules\node-windows\lib\wrapper.js --file c:\deverlop\server\index.js --log "UnitedPOS wrapper" --grow 0.25 --wait 1 --maxrestarts 3 --abortonerror n --stopparentfirst undefined
2018-03-25 21:45:26 - Started 5740
2018-03-28 21:18:53 - Starting C:\Program Files\nodejs\node.exe  --harmony C:\Users\Master\AppData\Roaming\npm\node_modules\qckwinsvc\node_modules\node-windows\lib\wrapper.js --file c:\deverlop\server\index.js --log "UnitedPOS wrapper" --grow 0.25 --wait 1 --maxrestarts 3 --abortonerror n --stopparentfirst undefined
2018-03-28 21:18:53 - Started 5684
2018-04-10 17:32:34 - Stopping unitedpos.exe
2018-04-10 17:32:34 - ProcessKill 5684
2018-04-10 17:32:35 - Shutdown exception
Message:系统正在关机。 (异常来自 HRESULT:0x8007045B)
Stacktrace:   在 System.Runtime.InteropServices.Marshal.ThrowExceptionForHRInternal(Int32 errorCode, IntPtr errorInfo)
   在 System.Management.ManagementScope.InitializeGuts(Object o)
   在 System.Management.ManagementScope.Initialize()
   在 System.Management.ManagementObjectSearcher.Initialize()
   在 System.Management.ManagementObjectSearcher.Get()
   在 winsw.WrapperService.GetChildPids(Int32 pid)
   在 winsw.WrapperService.StopProcessAndChildren(Int32 pid)
   在 winsw.WrapperService.StopIt()
   在 winsw.WrapperService.OnShutdown()
2018-04-10 17:34:11 - Starting C:\Program Files\nodejs\node.exe  --harmony C:\Users\Master\AppData\Roaming\npm\node_modules\qckwinsvc\node_modules\node-windows\lib\wrapper.js --file c:\deverlop\server\index.js --log "UnitedPOS wrapper" --grow 0.25 --wait 1 --maxrestarts 3 --abortonerror n --stopparentfirst undefined
2018-04-10 17:34:11 - Started 6164
2018-05-09 06:27:33 - Starting C:\Program Files\nodejs\node.exe  --harmony C:\Users\Master\AppData\Roaming\npm\node_modules\qckwinsvc\node_modules\node-windows\lib\wrapper.js --file c:\deverlop\server\index.js --log "UnitedPOS wrapper" --grow 0.25 --wait 1 --maxrestarts 3 --abortonerror n --stopparentfirst undefined
2018-05-09 06:27:33 - Started 6060
2018-05-09 17:44:30 - Stopping unitedpos.exe
2018-05-09 17:44:30 - ProcessKill 6060
2018-05-09 17:44:30 - Shutdown exception
Message:系统正在关机。 (异常来自 HRESULT:0x8007045B)
Stacktrace:   在 System.Runtime.InteropServices.Marshal.ThrowExceptionForHRInternal(Int32 errorCode, IntPtr errorInfo)
   在 System.Management.ManagementScope.InitializeGuts(Object o)
   在 System.Management.ManagementScope.Initialize()
   在 System.Management.ManagementObjectSearcher.Initialize()
   在 System.Management.ManagementObjectSearcher.Get()
   在 winsw.WrapperService.GetChildPids(Int32 pid)
   在 winsw.WrapperService.StopProcessAndChildren(Int32 pid)
   在 winsw.WrapperService.StopIt()
   在 winsw.WrapperService.OnShutdown()
2018-05-09 17:46:06 - Starting C:\Program Files\nodejs\node.exe  --harmony C:\Users\Master\AppData\Roaming\npm\node_modules\qckwinsvc\node_modules\node-windows\lib\wrapper.js --file c:\deverlop\server\index.js --log "UnitedPOS wrapper" --grow 0.25 --wait 1 --maxrestarts 3 --abortonerror n --stopparentfirst undefined
2018-05-09 17:46:06 - Started 6500
2018-05-16 23:42:57 - Stopping unitedpos.exe
2018-05-16 23:42:57 - ProcessKill 6500
2018-05-16 23:42:58 - Shutdown exception
Message:系统正在关机。 (异常来自 HRESULT:0x8007045B)
Stacktrace:   在 System.Runtime.InteropServices.Marshal.ThrowExceptionForHRInternal(Int32 errorCode, IntPtr errorInfo)
   在 System.Management.ManagementScope.InitializeGuts(Object o)
   在 System.Management.ManagementScope.Initialize()
   在 System.Management.ManagementObjectSearcher.Initialize()
   在 System.Management.ManagementObjectSearcher.Get()
   在 winsw.WrapperService.GetChildPids(Int32 pid)
   在 winsw.WrapperService.StopProcessAndChildren(Int32 pid)
   在 winsw.WrapperService.StopIt()
   在 winsw.WrapperService.OnShutdown()
2018-05-17 00:09:14 - Starting C:\Program Files\nodejs\node.exe  --harmony C:\Users\Master\AppData\Roaming\npm\node_modules\qckwinsvc\node_modules\node-windows\lib\wrapper.js --file c:\deverlop\server\index.js --log "UnitedPOS wrapper" --grow 0.25 --wait 1 --maxrestarts 3 --abortonerror n --stopparentfirst undefined
2018-05-17 00:09:14 - Started 5644
2018-06-13 00:38:16 - Stopping unitedpos.exe
2018-06-13 00:38:16 - ProcessKill 5644
2018-06-13 00:38:17 - Shutdown exception
Message:系统正在关机。 (异常来自 HRESULT:0x8007045B)
Stacktrace:   在 System.Runtime.InteropServices.Marshal.ThrowExceptionForHRInternal(Int32 errorCode, IntPtr errorInfo)
   在 System.Management.ManagementScope.InitializeGuts(Object o)
   在 System.Management.ManagementScope.Initialize()
   在 System.Management.ManagementObjectSearcher.Initialize()
   在 System.Management.ManagementObjectSearcher.Get()
   在 winsw.WrapperService.GetChildPids(Int32 pid)
   在 winsw.WrapperService.StopProcessAndChildren(Int32 pid)
   在 winsw.WrapperService.StopIt()
   在 winsw.WrapperService.OnShutdown()
2018-06-13 08:16:32 - Starting C:\Program Files\nodejs\node.exe  --harmony C:\Users\Master\AppData\Roaming\npm\node_modules\qckwinsvc\node_modules\node-windows\lib\wrapper.js --file c:\deverlop\server\index.js --log "UnitedPOS wrapper" --grow 0.25 --wait 1 --maxrestarts 3 --abortonerror n --stopparentfirst undefined
2018-06-13 08:16:32 - Started 5860
2018-06-13 08:17:43 - Stopping unitedpos.exe
2018-06-13 08:17:43 - ProcessKill 5860
2018-06-13 08:17:43 - Shutdown exception
Message:系统正在关机。 (异常来自 HRESULT:0x8007045B)
Stacktrace:   在 System.Runtime.InteropServices.Marshal.ThrowExceptionForHRInternal(Int32 errorCode, IntPtr errorInfo)
   在 System.Management.ManagementScope.InitializeGuts(Object o)
   在 System.Management.ManagementScope.Initialize()
   在 System.Management.ManagementObjectSearcher.Initialize()
   在 System.Management.ManagementObjectSearcher.Get()
   在 winsw.WrapperService.GetChildPids(Int32 pid)
   在 winsw.WrapperService.StopProcessAndChildren(Int32 pid)
   在 winsw.WrapperService.StopIt()
   在 winsw.WrapperService.OnShutdown()
2018-06-13 08:21:04 - Starting C:\Program Files\nodejs\node.exe  --harmony C:\Users\Master\AppData\Roaming\npm\node_modules\qckwinsvc\node_modules\node-windows\lib\wrapper.js --file c:\deverlop\server\index.js --log "UnitedPOS wrapper" --grow 0.25 --wait 1 --maxrestarts 3 --abortonerror n --stopparentfirst undefined
2018-06-13 08:21:04 - Started 5732
2018-06-13 09:05:46 - Stopping unitedpos.exe
2018-06-13 09:05:46 - ProcessKill 5732
2018-06-13 09:05:46 - Shutdown exception
Message:系统正在关机。 (异常来自 HRESULT:0x8007045B)
Stacktrace:   在 System.Runtime.InteropServices.Marshal.ThrowExceptionForHRInternal(Int32 errorCode, IntPtr errorInfo)
   在 System.Management.ManagementScope.InitializeGuts(Object o)
   在 System.Management.ManagementScope.Initialize()
   在 System.Management.ManagementObjectSearcher.Initialize()
   在 System.Management.ManagementObjectSearcher.Get()
   在 winsw.WrapperService.GetChildPids(Int32 pid)
   在 winsw.WrapperService.StopProcessAndChildren(Int32 pid)
   在 winsw.WrapperService.StopIt()
   在 winsw.WrapperService.OnShutdown()
2018-06-13 22:05:04 - Starting C:\Program Files\nodejs\node.exe  --harmony C:\Users\Master\AppData\Roaming\npm\node_modules\qckwinsvc\node_modules\node-windows\lib\wrapper.js --file c:\deverlop\server\index.js --log "UnitedPOS wrapper" --grow 0.25 --wait 1 --maxrestarts 3 --abortonerror n --stopparentfirst undefined
2018-06-13 22:05:04 - Started 6032
2018-06-13 23:59:06 - Stopping unitedpos.exe
2018-06-13 23:59:06 - ProcessKill 6032
2018-06-13 23:59:07 - Shutdown exception
Message:系统正在关机。 (异常来自 HRESULT:0x8007045B)
Stacktrace:   在 System.Runtime.InteropServices.Marshal.ThrowExceptionForHRInternal(Int32 errorCode, IntPtr errorInfo)
   在 System.Management.ManagementScope.InitializeGuts(Object o)
   在 System.Management.ManagementScope.Initialize()
   在 System.Management.ManagementObjectSearcher.Initialize()
   在 System.Management.ManagementObjectSearcher.Get()
   在 winsw.WrapperService.GetChildPids(Int32 pid)
   在 winsw.WrapperService.StopProcessAndChildren(Int32 pid)
   在 winsw.WrapperService.StopIt()
   在 winsw.WrapperService.OnShutdown()
2018-06-14 07:03:56 - Starting C:\Program Files\nodejs\node.exe  --harmony C:\Users\Master\AppData\Roaming\npm\node_modules\qckwinsvc\node_modules\node-windows\lib\wrapper.js --file c:\deverlop\server\index.js --log "UnitedPOS wrapper" --grow 0.25 --wait 1 --maxrestarts 3 --abortonerror n --stopparentfirst undefined
2018-06-14 07:03:56 - Started 5940
2018-07-17 22:42:29 - Stopping unitedpos.exe
2018-07-17 22:42:29 - ProcessKill 5940
2018-07-17 22:42:29 - Shutdown exception
Message:系统正在关机。 (异常来自 HRESULT:0x8007045B)
Stacktrace:   在 System.Runtime.InteropServices.Marshal.ThrowExceptionForHRInternal(Int32 errorCode, IntPtr errorInfo)
   在 System.Management.ManagementScope.InitializeGuts(Object o)
   在 System.Management.ManagementScope.Initialize()
   在 System.Management.ManagementObjectSearcher.Initialize()
   在 System.Management.ManagementObjectSearcher.Get()
   在 winsw.WrapperService.GetChildPids(Int32 pid)
   在 winsw.WrapperService.StopProcessAndChildren(Int32 pid)
   在 winsw.WrapperService.StopIt()
   在 winsw.WrapperService.OnShutdown()
2018-07-18 21:56:52 - Starting C:\Program Files\nodejs\node.exe  --harmony C:\Users\Master\AppData\Roaming\npm\node_modules\qckwinsvc\node_modules\node-windows\lib\wrapper.js --file c:\deverlop\server\index.js --log "UnitedPOS wrapper" --grow 0.25 --wait 1 --maxrestarts 3 --abortonerror n --stopparentfirst undefined
2018-07-18 21:56:52 - Started 6084
2018-08-14 09:03:07 - Stopping unitedpos.exe
2018-08-14 09:03:07 - ProcessKill 6084
2018-08-14 09:03:07 - Shutdown exception
Message:系统正在关机。 (异常来自 HRESULT:0x8007045B)
Stacktrace:   在 System.Runtime.InteropServices.Marshal.ThrowExceptionForHRInternal(Int32 errorCode, IntPtr errorInfo)
   在 System.Management.ManagementScope.InitializeGuts(Object o)
   在 System.Management.ManagementScope.Initialize()
   在 System.Management.ManagementObjectSearcher.Initialize()
   在 System.Management.ManagementObjectSearcher.Get()
   在 winsw.WrapperService.GetChildPids(Int32 pid)
   在 winsw.WrapperService.StopProcessAndChildren(Int32 pid)
   在 winsw.WrapperService.StopIt()
   在 winsw.WrapperService.OnShutdown()
2018-08-15 15:48:18 - Starting C:\Program Files\nodejs\node.exe  --harmony C:\Users\Master\AppData\Roaming\npm\node_modules\qckwinsvc\node_modules\node-windows\lib\wrapper.js --file c:\deverlop\server\index.js --log "UnitedPOS wrapper" --grow 0.25 --wait 1 --maxrestarts 3 --abortonerror n --stopparentfirst undefined
2018-08-15 15:48:18 - Started 5744
2018-08-15 17:31:16 - Stopping unitedpos.exe
2018-08-15 17:31:16 - ProcessKill 5744
2018-08-15 17:31:16 - Shutdown exception
Message:系统正在关机。 (异常来自 HRESULT:0x8007045B)
Stacktrace:   在 System.Runtime.InteropServices.Marshal.ThrowExceptionForHRInternal(Int32 errorCode, IntPtr errorInfo)
   在 System.Management.ManagementScope.InitializeGuts(Object o)
   在 System.Management.ManagementScope.Initialize()
   在 System.Management.ManagementObjectSearcher.Initialize()
   在 System.Management.ManagementObjectSearcher.Get()
   在 winsw.WrapperService.GetChildPids(Int32 pid)
   在 winsw.WrapperService.StopProcessAndChildren(Int32 pid)
   在 winsw.WrapperService.StopIt()
   在 winsw.WrapperService.OnShutdown()
2018-08-15 22:46:48 - Starting C:\Program Files\nodejs\node.exe  --harmony C:\Users\Master\AppData\Roaming\npm\node_modules\qckwinsvc\node_modules\node-windows\lib\wrapper.js --file c:\deverlop\server\index.js --log "UnitedPOS wrapper" --grow 0.25 --wait 1 --maxrestarts 3 --abortonerror n --stopparentfirst undefined
2018-08-15 22:46:48 - Started 5704
2018-08-15 22:48:26 - Stopping unitedpos.exe
2018-08-15 22:48:26 - ProcessKill 5704
2018-08-15 22:48:26 - Shutdown exception
Message:系统正在关机。 (异常来自 HRESULT:0x8007045B)
Stacktrace:   在 System.Runtime.InteropServices.Marshal.ThrowExceptionForHRInternal(Int32 errorCode, IntPtr errorInfo)
   在 System.Management.ManagementScope.InitializeGuts(Object o)
   在 System.Management.ManagementScope.Initialize()
   在 System.Management.ManagementObjectSearcher.Initialize()
   在 System.Management.ManagementObjectSearcher.Get()
   在 winsw.WrapperService.GetChildPids(Int32 pid)
   在 winsw.WrapperService.StopProcessAndChildren(Int32 pid)
   在 winsw.WrapperService.StopIt()
   在 winsw.WrapperService.OnShutdown()
2018-08-15 22:49:50 - Starting C:\Program Files\nodejs\node.exe  --harmony C:\Users\Master\AppData\Roaming\npm\node_modules\qckwinsvc\node_modules\node-windows\lib\wrapper.js --file c:\deverlop\server\index.js --log "UnitedPOS wrapper" --grow 0.25 --wait 1 --maxrestarts 3 --abortonerror n --stopparentfirst undefined
2018-08-15 22:49:51 - Started 4104
2018-09-10 21:06:11 - Starting C:\Program Files\nodejs\node.exe  --harmony C:\Users\Master\AppData\Roaming\npm\node_modules\qckwinsvc\node_modules\node-windows\lib\wrapper.js --file c:\deverlop\server\index.js --log "UnitedPOS wrapper" --grow 0.25 --wait 1 --maxrestarts 3 --abortonerror n --stopparentfirst undefined
2018-09-10 21:06:11 - Started 6404
2018-09-12 21:55:01 - Stopping unitedpos.exe
2018-09-12 21:55:01 - ProcessKill 6404
2018-09-12 21:55:01 - Shutdown exception
Message:系统正在关机。 (异常来自 HRESULT:0x8007045B)
Stacktrace:   在 System.Runtime.InteropServices.Marshal.ThrowExceptionForHRInternal(Int32 errorCode, IntPtr errorInfo)
   在 System.Management.ManagementScope.InitializeGuts(Object o)
   在 System.Management.ManagementScope.Initialize()
   在 System.Management.ManagementObjectSearcher.Initialize()
   在 System.Management.ManagementObjectSearcher.Get()
   在 winsw.WrapperService.GetChildPids(Int32 pid)
   在 winsw.WrapperService.StopProcessAndChildren(Int32 pid)
   在 winsw.WrapperService.StopIt()
   在 winsw.WrapperService.OnShutdown()
2018-09-12 21:56:24 - Starting C:\Program Files\nodejs\node.exe  --harmony C:\Users\Master\AppData\Roaming\npm\node_modules\qckwinsvc\node_modules\node-windows\lib\wrapper.js --file c:\deverlop\server\index.js --log "UnitedPOS wrapper" --grow 0.25 --wait 1 --maxrestarts 3 --abortonerror n --stopparentfirst undefined
2018-09-12 21:56:24 - Started 5804
